<?xml version="1.0" encoding="UTF-8"?>
<testng-results skipped="0" failed="0" ignored="0" total="1" passed="1">
  <reporter-output>
  </reporter-output>
  <suite name="Default suite" duration-ms="12655" started-at="2018-11-19T13:12:58Z" finished-at="2018-11-19T13:13:11Z">
    <groups>
    </groups>
    <test name="Default test" duration-ms="12655" started-at="2018-11-19T13:12:58Z" finished-at="2018-11-19T13:13:11Z">
      <class name="PageObject.Humingo_Demo.TestHUM01VerifyLogin">
        <test-method status="PASS" signature="beforeSuite()[pri:0, instance:PageObject.Humingo_Demo.TestHUM01VerifyLogin@fad74ee]" name="beforeSuite" is-config="true" duration-ms="131" started-at="2018-11-19T13:12:58Z" finished-at="2018-11-19T13:12:58Z">
          <reporter-output>
          </reporter-output>
        </test-method> <!-- beforeSuite -->
        <test-method status="PASS" signature="testVerifyLogin()[pri:0, instance:PageObject.Humingo_Demo.TestHUM01VerifyLogin@fad74ee]" name="testVerifyLogin" duration-ms="11848" started-at="2018-11-19T13:12:58Z" finished-at="2018-11-19T13:13:10Z">
          <reporter-output>
          </reporter-output>
        </test-method> <!-- testVerifyLogin -->
        <test-method status="PASS" signature="getResult(org.testng.ITestResult)[pri:0, instance:PageObject.Humingo_Demo.TestHUM01VerifyLogin@fad74ee]" name="getResult" is-config="true" duration-ms="789" started-at="2018-11-19T13:13:10Z" finished-at="2018-11-19T13:13:11Z">
          <params>
            <param index="0">
              <value>
                <![CDATA[[TestResult name=testVerifyLogin status=SUCCESS method=TestHUM01VerifyLogin.testVerifyLogin()[pri:0, instance:PageObject.Humingo_Demo.TestHUM01VerifyLogin@fad74ee] output={null}]]]>
              </value>
            </param>
          </params>
          <reporter-output>
          </reporter-output>
        </test-method> <!-- getResult -->
        <test-method status="PASS" signature="afterSuite()[pri:0, instance:PageObject.Humingo_Demo.TestHUM01VerifyLogin@fad74ee]" name="afterSuite" is-config="true" duration-ms="314" started-at="2018-11-19T13:13:11Z" finished-at="2018-11-19T13:13:11Z">
          <reporter-output>
          </reporter-output>
        </test-method> <!-- afterSuite -->
      </class> <!-- PageObject.Humingo_Demo.TestHUM01VerifyLogin -->
    </test> <!-- Default test -->
  </suite> <!-- Default suite -->
</testng-results>
